Content-Type: text/plain; charset="utf-8"
MIME-Version: 1.0
Content-Transfer-Encoding: 8bit
Subject: Password reset on 127.0.0.1:8000
From: webmaster@localhost
To: lxm@gmail.com
Date: Mon, 03 May 2021 11:19:13 -0000
Message-ID: <162004075359.9884.6038280621676643264@DESKTOP-PK025DM>


You're receiving this email because you requested a password reset for your user account at 127.0.0.1:8000.

Please go to the following page and choose a new password:

http://127.0.0.1:8000/freelancer/reset/Njc/am3021-41980dd4840b7a7f45d0a8977717ad34/

Your username, in case you’ve forgotten: spn1501

Thanks for using our site!

The 127.0.0.1:8000 team



-------------------------------------------------------------------------------
Content-Type: text/plain; charset="utf-8"
MIME-Version: 1.0
Content-Transfer-Encoding: 8bit
Subject: Password reset on 127.0.0.1:8000
From: webmaster@localhost
To: lxm@gmail.com
Date: Mon, 03 May 2021 11:19:13 -0000
Message-ID: <162004075363.9884.8573677466128074806@DESKTOP-PK025DM>


You're receiving this email because you requested a password reset for your user account at 127.0.0.1:8000.

Please go to the following page and choose a new password:

http://127.0.0.1:8000/freelancer/reset/NzY/am3021-05dbeeb2622266473a883aa695fb8292/

Your username, in case you’ve forgotten: spndrm

Thanks for using our site!

The 127.0.0.1:8000 team



-------------------------------------------------------------------------------
